info it worked if it ends with ok
verbose cli [ 'C:\\Users\\ladwiga\\Desktop\\pendrive\\node\\\\node.exe',
verbose cli   'C:\\Users\\ladwiga\\Desktop\\pendrive\\node\\node_modules\\npm\\bin\\npm-cli.js',
verbose cli   'install',
verbose cli   'angular-bootstrap' ]
info using npm@1.1.9
info using node@v0.8.14
verbose C:\Users\ladwiga\Desktop\pendrive\node\\node.exe node symlink
verbose config file C:\Users\ladwiga\.npmrc
verbose config file C:\Users\ladwiga\Desktop\pendrive\node\etc\npmrc
verbose config file C:\Users\ladwiga\Desktop\pendrive\node\node_modules\npm\npmrc
verbose mkdir done: C:\Users\ladwiga\Desktop\pendrive\node 755
verbose mkdir done: C:\Users\ladwiga\Desktop\pendrive\node 755
verbose caching C:\Users\ladwiga\Desktop\pendrive\node\node_modules\express\package.json
verbose caching C:\Users\ladwiga\Desktop\pendrive\node\node_modules\mongoose\package.json
verbose caching C:\Users\ladwiga\Desktop\pendrive\node\node_modules\karma\package.json
WARN coffee-script@1.4.0 package.json: bugs['name'] should probably be bugs['url']
verbose caching C:\Users\ladwiga\Desktop\pendrive\node\node_modules\coffee-script\package.json
verbose caching C:\Users\ladwiga\Desktop\pendrive\node\node_modules\node-static\package.json
verbose caching C:\Users\ladwiga\Desktop\pendrive\node\node_modules\socket.io\package.json
verbose caching C:\Users\ladwiga\Desktop\pendrive\node\node_modules\xml2js\package.json
verbose caching C:\Users\ladwiga\Desktop\pendrive\node\node_modules\npm\package.json
verbose loadDefaults npm@1.1.9
verbose cache add [ 'angular-bootstrap', null ]
silly cache add: name, spec, args [ undefined, 'angular-bootstrap', [ 'angular-bootstrap', null ] ]
verbose parsed url { pathname: 'angular-bootstrap',
verbose parsed url   path: 'angular-bootstrap',
verbose parsed url   href: 'angular-bootstrap' }
verbose addNamed [ 'angular-bootstrap', '' ]
verbose addNamed [ null, '' ]
silly name, range, hasData [ 'angular-bootstrap', '', false ]
verbose raw, before any munging angular-bootstrap
verbose url resolving [ 'https://registry.npmjs.org/', './angular-bootstrap' ]
verbose url resolved https://registry.npmjs.org/angular-bootstrap
http GET https://registry.npmjs.org/angular-bootstrap
http 404 https://registry.npmjs.org/angular-bootstrap
silly get cb [ 404,
silly get cb   { server: 'CouchDB/1.3.1 (Erlang OTP/R15B03)',
silly get cb     date: 'Thu, 22 Aug 2013 14:33:59 GMT',
silly get cb     'content-type': 'application/json',
silly get cb     'content-length': '52',
silly get cb     'cache-control': 'must-revalidate' } ]
ERR! 404 'angular-bootstrap' is not in the npm registry.
ERR! 404 You should bug the author to publish it
ERR! 404 Note that you can also install from a
ERR! 404 tarball, folder, or http url, or git url.
ERR! 
ERR! System Windows_NT 6.1.7601
ERR! command "C:\\Users\\ladwiga\\Desktop\\pendrive\\node\\\\node.exe" "C:\\Users\\ladwiga\\Desktop\\pendrive\\node\\node_modules\\npm\\bin\\npm-cli.js" "install" "angular-bootstrap"
ERR! cwd C:\Users\ladwiga\Desktop\pendrive\node\angular-contacts
ERR! node -v v0.8.14
ERR! npm -v 1.1.9
ERR! code E404
ERR! message 404 Not Found: angular-bootstrap
ERR! errno {}
verbose exit [ 1, true ]
